0 info it worked if it ends with ok
<<<<<<< HEAD
1 verbose cli [ 'nodejs', '/usr/bin/npm', 'publish' ]
2 info using npm@1.1.66
3 info using node@v0.8.15
4 verbose publish [ '.' ]
5 verbose read json /home/dave/Code/cheerio-repl/package.json
6 verbose cache add [ '.', null ]
7 silly cache add name=undefined spec="." args=[".",null]
8 verbose parsed url { pathname: '.', path: '.', href: '.' }
9 silly lockFile 3a52ce78- .
10 verbose lock . /home/dave/.npm/3a52ce78-.lock
11 verbose read json package.json
12 silly lockFile 3a52ce78- .
13 error addLocal Could not install .
14 error Failed to parse json
14 error Unexpected string
15 error File: package.json
16 error Failed to parse package.json data.
16 error package.json must be actual JSON, not just JavaScript.
16 error
16 error This is not a bug in npm.
16 error Tell the package author to fix their package.json file. JSON.parse
17 error System Linux 3.5.0-18-generic
18 error command "nodejs" "/usr/bin/npm" "publish"
19 error cwd /home/dave/Code/cheerio-repl
20 error node -v v0.8.15
21 error npm -v 1.1.66
22 error file package.json
23 error code EJSONPARSE
24 verbose exit [ 1, true ]
=======
1 verbose cli [ 'nodejs', '/usr/bin/npm', 'shrinkwrap' ]
2 info using npm@1.1.66
3 info using node@v0.8.15
4 verbose read json /home/dave/Code/cheerio-repl/package.json
5 verbose read json /home/dave/Code/cheerio-repl/node_modules/underscore.string/package.json
6 verbose read json /home/dave/Code/cheerio-repl/node_modules/tunnel/package.json
7 verbose read json /home/dave/Code/cheerio-repl/node_modules/request/package.json
8 verbose read json /home/dave/Code/cheerio-repl/node_modules/cheerio/package.json
9 verbose read json /home/dave/Code/cheerio-repl/node_modules/optimist/package.json
10 verbose read json /home/dave/Code/cheerio-repl/node_modules/underscore/package.json
11 verbose read json /home/dave/Code/cheerio-repl/node_modules/request/node_modules/form-data/package.json
12 verbose read json /home/dave/Code/cheerio-repl/node_modules/request/node_modules/mime/package.json
13 verbose read json /home/dave/Code/cheerio-repl/node_modules/cheerio/node_modules/cheerio-select/package.json
14 verbose read json /home/dave/Code/cheerio-repl/node_modules/cheerio/node_modules/htmlparser2/package.json
15 verbose read json /home/dave/Code/cheerio-repl/node_modules/cheerio/node_modules/entities/package.json
16 verbose read json /home/dave/Code/cheerio-repl/node_modules/request/node_modules/form-data/node_modules/async/package.json
17 verbose read json /home/dave/Code/cheerio-repl/node_modules/request/node_modules/form-data/node_modules/combined-stream/package.json
18 verbose read json /home/dave/Code/cheerio-repl/node_modules/cheerio/node_modules/cheerio-select/node_modules/CSSselect/package.json
19 verbose read json /home/dave/Code/cheerio-repl/node_modules/cheerio/node_modules/htmlparser2/node_modules/domelementtype/package.json
20 verbose read json /home/dave/Code/cheerio-repl/node_modules/cheerio/node_modules/htmlparser2/node_modules/domhandler/package.json
21 verbose read json /home/dave/Code/cheerio-repl/node_modules/cheerio/node_modules/htmlparser2/node_modules/domutils/package.json
22 verbose read json /home/dave/Code/cheerio-repl/node_modules/request/node_modules/form-data/node_modules/combined-stream/node_modules/delayed-stream/package.json
23 verbose read json /home/dave/Code/cheerio-repl/node_modules/cheerio/node_modules/cheerio-select/node_modules/CSSselect/node_modules/CSSwhat/package.json
24 verbose readInstalled returning cheerio@0.10.3
25 verbose readInstalled returning optimist@0.1.9
26 verbose readInstalled returning tunnel@0.0.2
27 verbose readInstalled returning underscore@1.4.2
28 verbose readInstalled returning underscore.string@2.3.0
29 verbose readInstalled returning request@2.12.0
30 verbose readInstalled returning cheerio-select@0.0.3
31 verbose readInstalled returning htmlparser2@2.5.0
32 verbose readInstalled returning entities@0.1.1
33 verbose readInstalled returning CSSselect@0.3.0
34 verbose readInstalled returning CSSwhat@0.1.1
35 verbose readInstalled returning domhandler@2.0.1
36 verbose readInstalled returning domutils@1.0.1
37 verbose readInstalled returning domelementtype@1.0.0
38 verbose readInstalled returning form-data@0.0.3
39 verbose readInstalled returning mime@1.2.7
40 verbose readInstalled returning combined-stream@0.0.3
41 verbose readInstalled returning async@0.1.9
42 verbose readInstalled returning delayed-stream@0.0.5
43 error Error: Problems were encountered
43 error Please correct and try again.
43 error extraneous: request@2.12.0 /home/dave/Code/cheerio-repl/node_modules/request
43 error     at shrinkwrap_ (/usr/share/npm/lib/shrinkwrap.js:28:15)
43 error     at /usr/share/npm/lib/shrinkwrap.js:22:5
43 error     at /usr/share/npm/lib/ls.js:40:30
43 error     at /usr/share/npm/node_modules/read-installed/read-installed.js:117:5
43 error     at /usr/share/npm/node_modules/read-installed/read-installed.js:233:14
43 error     at cb (/usr/share/npm/node_modules/slide/lib/async-map.js:48:11)
43 error     at /usr/share/npm/node_modules/read-installed/read-installed.js:233:14
43 error     at cb (/usr/share/npm/node_modules/slide/lib/async-map.js:48:11)
43 error     at /usr/share/npm/node_modules/read-installed/read-installed.js:233:14
43 error     at cb (/usr/share/npm/node_modules/slide/lib/async-map.js:48:11)
44 error If you need help, you may report this log at:
44 error     <http://github.com/isaacs/npm/issues>
44 error or email it to:
44 error     <npm-@googlegroups.com>
45 error System Linux 3.5.0-18-generic
46 error command "nodejs" "/usr/bin/npm" "shrinkwrap"
47 error cwd /home/dave/Code/cheerio-repl
48 error node -v v0.8.15
49 error npm -v 1.1.66
50 verbose exit [ 1, true ]
>>>>>>> 75076b3c0c8b3efd657e62f1da0dd9482dabd739
